2024-09-09 08:15:21.982 [info] Extension host with pid 1538 started
2024-09-09 08:15:21.982 [info] Skipping acquiring lock for /home/loknor/.config/Code - OSS/User/workspaceStorage/c38af33535e8199942041b734531b05b.
2024-09-09 08:15:21.986 [info] ExtensionService#_doActivateExtension vscode.emmet, startup: false, activationEvent: 'onLanguage'
2024-09-09 08:15:22.527 [info] ExtensionService#_doActivateExtension vscode.git-base, startup: true, activationEvent: '*', root cause: vscode.git
2024-09-09 08:15:22.699 [info] ExtensionService#_doActivateExtension vscode.git, startup: true, activationEvent: '*'
2024-09-09 08:15:23.434 [info] ExtensionService#_doActivateExtension vscode.github, startup: true, activationEvent: '*'
2024-09-09 08:15:25.037 [info] Eager extensions activated
2024-09-09 08:15:25.054 [info] ExtensionService#_doActivateExtension vscode.debug-auto-launch, startup: false, activationEvent: 'onStartupFinished'
2024-09-09 08:15:25.279 [info] ExtensionService#_doActivateExtension vscode.merge-conflict, startup: false, activationEvent: 'onStartupFinished'
2024-09-09 08:34:32.801 [warning] [Decorations] CAPPING events from decorations provider vscode.git 358
2024-09-09 08:34:32.836 [warning] [Decorations] CAPPING events from decorations provider vscode.git 358
2024-09-09 08:34:33.814 [error] Error: No such branch: master.
	at N.getBranch (/usr/lib/code/extensions/git/dist/main.js:2:936645)
	at async T.retryRun (/usr/lib/code/extensions/git/dist/main.js:2:1032124)
	at async T.run (/usr/lib/code/extensions/git/dist/main.js:2:1031728)
	at async T.getBranch (/usr/lib/code/extensions/git/dist/main.js:2:1020077)
	at async T.getBranchBase (/usr/lib/code/extensions/git/dist/main.js:2:1020363)
	at async t.GitHistoryProvider.resolveHEADMergeBase (/usr/lib/code/extensions/git/dist/main.js:2:948043)
	at async t.GitHistoryProvider.onDidRunGitStatus (/usr/lib/code/extensions/git/dist/main.js:2:941421)
2024-09-09 08:34:33.890 [error] Error: No such branch: master.
	at N.getBranch (/usr/lib/code/extensions/git/dist/main.js:2:936645)
	at async T.retryRun (/usr/lib/code/extensions/git/dist/main.js:2:1032124)
	at async T.run (/usr/lib/code/extensions/git/dist/main.js:2:1031728)
	at async T.getBranch (/usr/lib/code/extensions/git/dist/main.js:2:1020077)
	at async T.getBranchBase (/usr/lib/code/extensions/git/dist/main.js:2:1020363)
	at async t.GitHistoryProvider.resolveHEADMergeBase (/usr/lib/code/extensions/git/dist/main.js:2:948043)
	at async t.GitHistoryProvider.onDidRunGitStatus (/usr/lib/code/extensions/git/dist/main.js:2:941421)
2024-09-09 08:37:00.836 [warning] [Decorations] CAPPING events from decorations provider vscode.git 358
