2024-09-02 12:04:33.955 [info] Extension host with pid 3108 started
2024-09-02 12:04:34.029 [info] ExtensionService#_doActivateExtension vscode.git-base, startup: true, activationEvent: '*', root cause: vscode.git
2024-09-02 12:04:34.063 [info] ExtensionService#_doActivateExtension vscode.git, startup: true, activationEvent: '*'
2024-09-02 12:04:34.118 [info] ExtensionService#_doActivateExtension vscode.github, startup: true, activationEvent: '*'
2024-09-02 12:04:35.185 [info] Eager extensions activated
2024-09-02 12:04:35.193 [info] ExtensionService#_doActivateExtension vscode.debug-auto-launch, startup: false, activationEvent: 'onStartupFinished'
2024-09-02 12:04:35.195 [info] ExtensionService#_doActivateExtension vscode.merge-conflict, startup: false, activationEvent: 'onStartupFinished'
2024-09-02 12:05:00.739 [info] Extension host terminating: renderer closed the MessagePort
2024-09-02 12:05:00.743 [info] Extension host with pid 3108 exiting with code 0
2024-09-02 12:05:01.680 [info] Extension host with pid 3180 started
2024-09-02 12:05:01.680 [info] Skipping acquiring lock for /home/loknor/.config/Code - OSS/User/workspaceStorage/c38af33535e8199942041b734531b05b.
2024-09-02 12:05:01.744 [info] ExtensionService#_doActivateExtension vscode.git-base, startup: true, activationEvent: '*'
2024-09-02 12:05:01.747 [info] ExtensionService#_doActivateExtension vscode.github, startup: true, activationEvent: '*'
2024-09-02 12:05:01.754 [info] Eager extensions activated
2024-09-02 12:05:01.759 [info] ExtensionService#_doActivateExtension vscode.debug-auto-launch, startup: false, activationEvent: 'onStartupFinished'
2024-09-02 12:05:01.760 [info] ExtensionService#_doActivateExtension vscode.merge-conflict, startup: false, activationEvent: 'onStartupFinished'
2024-09-02 12:05:08.760 [info] ExtensionService#_doActivateExtension vscode.git, startup: false, activationEvent: 'api', root cause: vscode.github
2024-09-02 12:05:11.964 [info] ExtensionService#_doActivateExtension vscode.emmet, startup: false, activationEvent: 'onLanguage'
2024-09-02 12:49:13.143 [info] Extension host terminating: renderer closed the MessagePort
2024-09-02 12:49:13.147 [info] Extension host with pid 3180 exiting with code 0
