2024-09-02 12:04:33.087 [info] Added views:workbench.panel.markers.view in workbench.panel.markers
2024-09-02 12:04:33.087 [info] Added views:workbench.panel.output in workbench.panel.output
2024-09-02 12:04:33.087 [info] Added views:terminal in terminal
2024-09-02 12:04:33.087 [info] Added views:outline in workbench.view.explorer
2024-09-02 12:04:33.087 [info] Added views:workbench.scm in workbench.view.scm
2024-09-02 12:04:33.087 [info] Added views:workbench.view.search in workbench.view.search
2024-09-02 12:04:33.087 [info] Added views:timeline in workbench.view.explorer
2024-09-02 12:04:33.087 [info] Added views:workbench.explorer.emptyView in workbench.view.explorer
2024-09-02 12:04:33.390 [info] Added views:workbench.debug.variablesView,workbench.debug.watchExpressionsView,workbench.debug.callStackView,workbench.debug.breakPointsView in workbench.view.debug
2024-09-02 12:04:33.985 [info] Added views:~remote.forwardedPorts in ~remote.forwardedPortsContainer
2024-09-02 12:04:34.027 [info] Added views:workbench.panel.repl.view in workbench.panel.repl
2024-09-02 12:04:34.028 [info] Removed views:workbench.debug.breakPointsView,workbench.debug.callStackView,workbench.debug.watchExpressionsView,workbench.debug.variablesView from workbench.view.debug
2024-09-02 12:04:34.028 [info] Added views:workbench.debug.welcome in workbench.view.debug
2024-09-02 12:05:01.323 [info] Added views:workbench.panel.markers.view in workbench.panel.markers
2024-09-02 12:05:01.323 [info] Added views:workbench.panel.output in workbench.panel.output
2024-09-02 12:05:01.323 [info] Added views:terminal in terminal
2024-09-02 12:05:01.323 [info] Added views:outline in workbench.view.explorer
2024-09-02 12:05:01.323 [info] Added views:workbench.scm in workbench.view.scm
2024-09-02 12:05:01.323 [info] Added views:workbench.view.search in workbench.view.search
2024-09-02 12:05:01.323 [info] Added views:timeline in workbench.view.explorer
2024-09-02 12:05:01.323 [info] Added views:workbench.explorer.fileView in workbench.view.explorer
2024-09-02 12:05:01.539 [info] Added views:workbench.debug.variablesView,workbench.debug.watchExpressionsView,workbench.debug.callStackView,workbench.debug.breakPointsView in workbench.view.debug
2024-09-02 12:05:01.697 [info] Added views:~remote.forwardedPorts in ~remote.forwardedPortsContainer
2024-09-02 12:05:01.742 [info] Added views:workbench.panel.repl.view in workbench.panel.repl
2024-09-02 12:05:01.743 [info] Removed views:workbench.debug.breakPointsView,workbench.debug.callStackView,workbench.debug.watchExpressionsView,workbench.debug.variablesView from workbench.view.debug
2024-09-02 12:05:01.744 [info] Added views:workbench.debug.welcome in workbench.view.debug
