2024-09-02 12:04:34.258 [info] [main] Log level: Info
2024-09-02 12:04:34.258 [info] [main] Validating found git in: "git"
2024-09-02 12:04:35.183 [info] [main] Using git "2.46.0" from "git"
2024-09-02 12:04:35.183 [info] [Model][doInitialScan] Initial repository scan started
2024-09-02 12:04:35.184 [info] [Model][doInitialScan] Initial repository scan completed - repositories (0), closed repositories (0), parent repositories (0), unsafe repositories (0)
2024-09-02 12:05:08.810 [info] [main] Log level: Info
2024-09-02 12:05:08.810 [info] [main] Validating found git in: "git"
2024-09-02 12:05:08.810 [info] [main] Using git "2.46.0" from "git"
2024-09-02 12:05:08.810 [info] [Model][doInitialScan] Initial repository scan started
2024-09-02 12:05:08.838 [info] > git rev-parse --show-toplevel [30ms]
2024-09-02 12:05:08.838 [info] fatal: not a git repository (or any of the parent directories): .git
2024-09-02 12:05:08.843 [info] > git rev-parse --show-toplevel [1ms]
2024-09-02 12:05:08.843 [info] fatal: not a git repository (or any of the parent directories): .git
2024-09-02 12:05:08.849 [info] > git rev-parse --show-toplevel [3ms]
2024-09-02 12:05:08.849 [info] fatal: not a git repository (or any of the parent directories): .git
2024-09-02 12:05:08.853 [info] > git rev-parse --show-toplevel [1ms]
2024-09-02 12:05:08.853 [info] fatal: not a git repository (or any of the parent directories): .git
2024-09-02 12:05:08.857 [info] > git rev-parse --show-toplevel [0ms]
2024-09-02 12:05:08.858 [info] fatal: not a git repository (or any of the parent directories): .git
2024-09-02 12:05:08.861 [info] > git rev-parse --show-toplevel [1ms]
2024-09-02 12:05:08.861 [info] fatal: not a git repository (or any of the parent directories): .git
2024-09-02 12:05:08.861 [info] [Model][doInitialScan] Initial repository scan completed - repositories (0), closed repositories (0), parent repositories (0), unsafe repositories (0)
2024-09-02 12:05:11.927 [info] > git rev-parse --show-toplevel [1ms]
2024-09-02 12:05:11.927 [info] fatal: not a git repository (or any of the parent directories): .git
2024-09-02 12:14:19.442 [info] > git rev-parse --show-toplevel [1ms]
2024-09-02 12:14:19.442 [info] fatal: not a git repository (or any of the parent directories): .git
2024-09-02 12:14:57.585 [info] > git rev-parse --show-toplevel [1ms]
2024-09-02 12:14:57.585 [info] fatal: not a git repository (or any of the parent directories): .git
2024-09-02 12:15:00.910 [info] > git rev-parse --show-toplevel [1ms]
2024-09-02 12:15:00.910 [info] fatal: not a git repository (or any of the parent directories): .git
2024-09-02 12:29:08.746 [info] > git rev-parse --show-toplevel [1ms]
2024-09-02 12:29:08.746 [info] fatal: not a git repository (or any of the parent directories): .git
